ERROR - 2023-08-09 05:59:39 --> Error connecting to the database: mysqli_sql_exception: No connection could be made because the target machine actively refused it in C:\xampp\htdocs\codeig\system\Database\MySQLi\Connection.php:173
Stack trace:
#0 C:\xampp\htdocs\codeig\system\Database\MySQLi\Connection.php(173): mysqli->real_connect('localhost', 'root', Object(SensitiveParameterValue), 'Attendance', 3306, '', 0)
#1 C:\xampp\htdocs\codeig\system\Database\BaseConnection.php(391): CodeIgniter\Database\MySQLi\Connection->connect(false)
#2 C:\xampp\htdocs\codeig\system\Database\BaseConnection.php(574): CodeIgniter\Database\BaseConnection->initialize()
#3 C:\xampp\htdocs\codeig\system\Database\BaseBuilder.php(1616): CodeIgniter\Database\BaseConnection->query('SELECT *\nFROM `...', Array, false)
#4 C:\xampp\htdocs\codeig\system\Model.php(268): CodeIgniter\Database\BaseBuilder->get()
#5 C:\xampp\htdocs\codeig\system\BaseModel.php(656): CodeIgniter\Model->doFirst()
#6 C:\xampp\htdocs\codeig\app\Controllers\AuthController.php(30): CodeIgniter\BaseModel->first()
#7 C:\xampp\htdocs\codeig\system\CodeIgniter.php(932): App\Controllers\AuthController->login()
#8 C:\xampp\htdocs\codeig\system\CodeIgniter.php(497): CodeIgniter\CodeIgniter->runController(Object(App\Controllers\AuthController))
#9 C:\xampp\htdocs\codeig\system\CodeIgniter.php(366): CodeIgniter\CodeIgniter->handleRequest(NULL, Object(Config\Cache), false)
#10 C:\xampp\htdocs\codeig\index.php(67): CodeIgniter\CodeIgniter->run()
#11 {main}

Next CodeIgniter\Database\Exceptions\DatabaseException: No connection could be made because the target machine actively refused it in C:\xampp\htdocs\codeig\system\Database\MySQLi\Connection.php:218
Stack trace:
#0 C:\xampp\htdocs\codeig\system\Database\BaseConnection.php(391): CodeIgniter\Database\MySQLi\Connection->connect(false)
#1 C:\xampp\htdocs\codeig\system\Database\BaseConnection.php(574): CodeIgniter\Database\BaseConnection->initialize()
#2 C:\xampp\htdocs\codeig\system\Database\BaseBuilder.php(1616): CodeIgniter\Database\BaseConnection->query('SELECT *\nFROM `...', Array, false)
#3 C:\xampp\htdocs\codeig\system\Model.php(268): CodeIgniter\Database\BaseBuilder->get()
#4 C:\xampp\htdocs\codeig\system\BaseModel.php(656): CodeIgniter\Model->doFirst()
#5 C:\xampp\htdocs\codeig\app\Controllers\AuthController.php(30): CodeIgniter\BaseModel->first()
#6 C:\xampp\htdocs\codeig\system\CodeIgniter.php(932): App\Controllers\AuthController->login()
#7 C:\xampp\htdocs\codeig\system\CodeIgniter.php(497): CodeIgniter\CodeIgniter->runController(Object(App\Controllers\AuthController))
#8 C:\xampp\htdocs\codeig\system\CodeIgniter.php(366): CodeIgniter\CodeIgniter->handleRequest(NULL, Object(Config\Cache), false)
#9 C:\xampp\htdocs\codeig\index.php(67): CodeIgniter\CodeIgniter->run()
#10 {main}
CRITICAL - 2023-08-09 05:59:39 --> Unable to connect to the database.
Main connection [MySQLi]: No connection could be made because the target machine actively refused it
in SYSTEMPATH\Database\BaseConnection.php on line 427.
 1 SYSTEMPATH\Database\BaseConnection.php(574): CodeIgniter\Database\BaseConnection->initialize()
 2 SYSTEMPATH\Database\BaseBuilder.php(1616): CodeIgniter\Database\BaseConnection->query('SELECT *
FROM `users`
WHERE `username` = :username:
 LIMIT 1', [...], false)
 3 SYSTEMPATH\Model.php(268): CodeIgniter\Database\BaseBuilder->get()
 4 SYSTEMPATH\BaseModel.php(656): CodeIgniter\Model->doFirst()
 5 APPPATH\Controllers\AuthController.php(30): CodeIgniter\BaseModel->first()
 6 SYSTEMPATH\CodeIgniter.php(932): App\Controllers\AuthController->login()
 7 SYSTEMPATH\CodeIgniter.php(497): CodeIgniter\CodeIgniter->runController(Object(App\Controllers\AuthController))
 8 SYSTEMPATH\CodeIgniter.php(366): CodeIgniter\CodeIgniter->handleRequest(null, Object(Config\Cache), false)
 9 FCPATH\index.php(67): CodeIgniter\CodeIgniter->run()
CRITICAL - 2023-08-09 13:18:36 --> Undefined variable $classes
in APPPATH\Views\day_summary.php on line 82.
 1 APPPATH\Views\day_summary.php(82): CodeIgniter\Debug\Exceptions->errorHandler(2, 'Undefined variable $classes', 'C:\\xampp\\htdocs\\codeig\\app\\Views\\day_summary.php', 82)
 2 SYSTEMPATH\View\View.php(224): include('C:\\xampp\\htdocs\\codeig\\app\\Views\\day_summary.php')
 3 SYSTEMPATH\View\View.php(227): CodeIgniter\View\View->CodeIgniter\View\{closure}()
 4 SYSTEMPATH\Common.php(1180): CodeIgniter\View\View->render('day_summary', [], true)
 5 APPPATH\Controllers\NavbarController.php(82): view('day_summary')
 6 SYSTEMPATH\CodeIgniter.php(932): App\Controllers\NavbarController->index2()
 7 SYSTEMPATH\CodeIgniter.php(497): CodeIgniter\CodeIgniter->runController(Object(App\Controllers\NavbarController))
 8 SYSTEMPATH\CodeIgniter.php(366): CodeIgniter\CodeIgniter->handleRequest(null, Object(Config\Cache), false)
 9 FCPATH\index.php(67): CodeIgniter\CodeIgniter->run()
ERROR - 2023-08-09 15:39:35 --> mysqli_sql_exception: You have an error in your SQL syntax; check the manual that corresponds to your MariaDB server version for the right syntax to use near '' at line 1 in C:\xampp\htdocs\codeig\system\Database\MySQLi\Connection.php:295
Stack trace:
#0 C:\xampp\htdocs\codeig\system\Database\MySQLi\Connection.php(295): mysqli->query('SELECT roll_num...', 0)
#1 C:\xampp\htdocs\codeig\system\Database\BaseConnection.php(692): CodeIgniter\Database\MySQLi\Connection->execute('SELECT roll_num...')
#2 C:\xampp\htdocs\codeig\system\Database\BaseConnection.php(606): CodeIgniter\Database\BaseConnection->simpleQuery('SELECT roll_num...')
#3 C:\xampp\htdocs\codeig\app\Models\ClassesModel.php(105): CodeIgniter\Database\BaseConnection->query('SELECT roll_num...', Array)
#4 C:\xampp\htdocs\codeig\app\Controllers\NavbarController.php(90): App\Models\ClassesModel->get_present_stds('it', 'a', '5', '2023-08-09')
#5 C:\xampp\htdocs\codeig\system\CodeIgniter.php(932): App\Controllers\NavbarController->get_day_summary()
#6 C:\xampp\htdocs\codeig\system\CodeIgniter.php(497): CodeIgniter\CodeIgniter->runController(Object(App\Controllers\NavbarController))
#7 C:\xampp\htdocs\codeig\system\CodeIgniter.php(366): CodeIgniter\CodeIgniter->handleRequest(NULL, Object(Config\Cache), false)
#8 C:\xampp\htdocs\codeig\index.php(67): CodeIgniter\CodeIgniter->run()
#9 {main}
CRITICAL - 2023-08-09 15:39:35 --> You have an error in your SQL syntax; check the manual that corresponds to your MariaDB server version for the right syntax to use near '' at line 1
in SYSTEMPATH\Database\MySQLi\Connection.php on line 295.
 1 SYSTEMPATH\Database\MySQLi\Connection.php(295): mysqli->query('SELECT roll_number,name FROM students WHERE branch=\'it\' AND sem=\'5\' AND sec=\'a\' AND roll_number NOT IN (SELECT Attendance.roll_number FROM Attendance INNER JOIN students ON Attendance.roll_number=students.roll_number WHERE Attendance.date=\'2023-08-09\' AND students.branch=\'it\' AND students.sem=\'5\' AND students.sec=\'a\'', 0)
 2 SYSTEMPATH\Database\BaseConnection.php(692): CodeIgniter\Database\MySQLi\Connection->execute('SELECT roll_number,name FROM students WHERE branch=\'it\' AND sem=\'5\' AND sec=\'a\' AND roll_number NOT IN (SELECT Attendance.roll_number FROM Attendance INNER JOIN students ON Attendance.roll_number=students.roll_number WHERE Attendance.date=\'2023-08-09\' AND students.branch=\'it\' AND students.sem=\'5\' AND students.sec=\'a\'')
 3 SYSTEMPATH\Database\BaseConnection.php(606): CodeIgniter\Database\BaseConnection->simpleQuery('SELECT roll_number,name FROM students WHERE branch=\'it\' AND sem=\'5\' AND sec=\'a\' AND roll_number NOT IN (SELECT Attendance.roll_number FROM Attendance INNER JOIN students ON Attendance.roll_number=students.roll_number WHERE Attendance.date=\'2023-08-09\' AND students.branch=\'it\' AND students.sem=\'5\' AND students.sec=\'a\'')
 4 APPPATH\Models\ClassesModel.php(105): CodeIgniter\Database\BaseConnection->query('SELECT roll_number,name FROM students WHERE branch=:branch: AND sem=:sem: AND sec=:sec: AND roll_number NOT IN (SELECT Attendance.roll_number FROM Attendance INNER JOIN students ON Attendance.roll_number=students.roll_number WHERE Attendance.date=:dat: AND students.branch=:branch2: AND students.sem=:sem2: AND students.sec=:sec2:', [...])
 5 APPPATH\Controllers\NavbarController.php(90): App\Models\ClassesModel->get_present_stds('it', 'a', '5', '2023-08-09')
 6 SYSTEMPATH\CodeIgniter.php(932): App\Controllers\NavbarController->get_day_summary()
 7 SYSTEMPATH\CodeIgniter.php(497): CodeIgniter\CodeIgniter->runController(Object(App\Controllers\NavbarController))
 8 SYSTEMPATH\CodeIgniter.php(366): CodeIgniter\CodeIgniter->handleRequest(null, Object(Config\Cache), false)
 9 FCPATH\index.php(67): CodeIgniter\CodeIgniter->run()
ERROR - 2023-08-09 15:42:07 --> Error connecting to the database: mysqli_sql_exception: No connection could be made because the target machine actively refused it in C:\xampp\htdocs\codeig\system\Database\MySQLi\Connection.php:173
Stack trace:
#0 C:\xampp\htdocs\codeig\system\Database\MySQLi\Connection.php(173): mysqli->real_connect('localhost', 'root', Object(SensitiveParameterValue), 'Attendance', 3306, '', 0)
#1 C:\xampp\htdocs\codeig\system\Database\BaseConnection.php(391): CodeIgniter\Database\MySQLi\Connection->connect(false)
#2 C:\xampp\htdocs\codeig\system\Database\BaseConnection.php(574): CodeIgniter\Database\BaseConnection->initialize()
#3 C:\xampp\htdocs\codeig\app\Models\ClassesModel.php(91): CodeIgniter\Database\BaseConnection->query('SELECT students...', Array)
#4 C:\xampp\htdocs\codeig\app\Controllers\NavbarController.php(86): App\Models\ClassesModel->get_absent_stds('it', 'b', '5', '2023-08-09')
#5 C:\xampp\htdocs\codeig\system\CodeIgniter.php(932): App\Controllers\NavbarController->get_day_summary()
#6 C:\xampp\htdocs\codeig\system\CodeIgniter.php(497): CodeIgniter\CodeIgniter->runController(Object(App\Controllers\NavbarController))
#7 C:\xampp\htdocs\codeig\system\CodeIgniter.php(366): CodeIgniter\CodeIgniter->handleRequest(NULL, Object(Config\Cache), false)
#8 C:\xampp\htdocs\codeig\index.php(67): CodeIgniter\CodeIgniter->run()
#9 {main}

Next CodeIgniter\Database\Exceptions\DatabaseException: No connection could be made because the target machine actively refused it in C:\xampp\htdocs\codeig\system\Database\MySQLi\Connection.php:218
Stack trace:
#0 C:\xampp\htdocs\codeig\system\Database\BaseConnection.php(391): CodeIgniter\Database\MySQLi\Connection->connect(false)
#1 C:\xampp\htdocs\codeig\system\Database\BaseConnection.php(574): CodeIgniter\Database\BaseConnection->initialize()
#2 C:\xampp\htdocs\codeig\app\Models\ClassesModel.php(91): CodeIgniter\Database\BaseConnection->query('SELECT students...', Array)
#3 C:\xampp\htdocs\codeig\app\Controllers\NavbarController.php(86): App\Models\ClassesModel->get_absent_stds('it', 'b', '5', '2023-08-09')
#4 C:\xampp\htdocs\codeig\system\CodeIgniter.php(932): App\Controllers\NavbarController->get_day_summary()
#5 C:\xampp\htdocs\codeig\system\CodeIgniter.php(497): CodeIgniter\CodeIgniter->runController(Object(App\Controllers\NavbarController))
#6 C:\xampp\htdocs\codeig\system\CodeIgniter.php(366): CodeIgniter\CodeIgniter->handleRequest(NULL, Object(Config\Cache), false)
#7 C:\xampp\htdocs\codeig\index.php(67): CodeIgniter\CodeIgniter->run()
#8 {main}
CRITICAL - 2023-08-09 15:42:07 --> Unable to connect to the database.
Main connection [MySQLi]: No connection could be made because the target machine actively refused it
in SYSTEMPATH\Database\BaseConnection.php on line 427.
 1 SYSTEMPATH\Database\BaseConnection.php(574): CodeIgniter\Database\BaseConnection->initialize()
 2 APPPATH\Models\ClassesModel.php(91): CodeIgniter\Database\BaseConnection->query('SELECT students.roll_number,students.name FROM Attendance INNER JOIN students ON Attendance.roll_number=students.roll_number WHERE Attendance.date=:dat: AND students.branch=:branch: AND students.sem=:sem: AND students.sec=:sec:', [...])
 3 APPPATH\Controllers\NavbarController.php(86): App\Models\ClassesModel->get_absent_stds('it', 'b', '5', '2023-08-09')
 4 SYSTEMPATH\CodeIgniter.php(932): App\Controllers\NavbarController->get_day_summary()
 5 SYSTEMPATH\CodeIgniter.php(497): CodeIgniter\CodeIgniter->runController(Object(App\Controllers\NavbarController))
 6 SYSTEMPATH\CodeIgniter.php(366): CodeIgniter\CodeIgniter->handleRequest(null, Object(Config\Cache), false)
 7 FCPATH\index.php(67): CodeIgniter\CodeIgniter->run()
ERROR - 2023-08-09 15:42:08 --> Error connecting to the database: mysqli_sql_exception: No connection could be made because the target machine actively refused it in C:\xampp\htdocs\codeig\system\Database\MySQLi\Connection.php:173
Stack trace:
#0 C:\xampp\htdocs\codeig\system\Database\MySQLi\Connection.php(173): mysqli->real_connect('localhost', 'root', Object(SensitiveParameterValue), 'Attendance', 3306, '', 0)
#1 C:\xampp\htdocs\codeig\system\Database\BaseConnection.php(391): CodeIgniter\Database\MySQLi\Connection->connect(false)
#2 C:\xampp\htdocs\codeig\system\Database\BaseConnection.php(574): CodeIgniter\Database\BaseConnection->initialize()
#3 C:\xampp\htdocs\codeig\app\Models\ClassesModel.php(91): CodeIgniter\Database\BaseConnection->query('SELECT students...', Array)
#4 C:\xampp\htdocs\codeig\app\Controllers\NavbarController.php(86): App\Models\ClassesModel->get_absent_stds('it', 'b', '5', '2023-08-09')
#5 C:\xampp\htdocs\codeig\system\CodeIgniter.php(932): App\Controllers\NavbarController->get_day_summary()
#6 C:\xampp\htdocs\codeig\system\CodeIgniter.php(497): CodeIgniter\CodeIgniter->runController(Object(App\Controllers\NavbarController))
#7 C:\xampp\htdocs\codeig\system\CodeIgniter.php(366): CodeIgniter\CodeIgniter->handleRequest(NULL, Object(Config\Cache), false)
#8 C:\xampp\htdocs\codeig\index.php(67): CodeIgniter\CodeIgniter->run()
#9 {main}

Next CodeIgniter\Database\Exceptions\DatabaseException: No connection could be made because the target machine actively refused it in C:\xampp\htdocs\codeig\system\Database\MySQLi\Connection.php:218
Stack trace:
#0 C:\xampp\htdocs\codeig\system\Database\BaseConnection.php(391): CodeIgniter\Database\MySQLi\Connection->connect(false)
#1 C:\xampp\htdocs\codeig\system\Database\BaseConnection.php(574): CodeIgniter\Database\BaseConnection->initialize()
#2 C:\xampp\htdocs\codeig\app\Models\ClassesModel.php(91): CodeIgniter\Database\BaseConnection->query('SELECT students...', Array)
#3 C:\xampp\htdocs\codeig\app\Controllers\NavbarController.php(86): App\Models\ClassesModel->get_absent_stds('it', 'b', '5', '2023-08-09')
#4 C:\xampp\htdocs\codeig\system\CodeIgniter.php(932): App\Controllers\NavbarController->get_day_summary()
#5 C:\xampp\htdocs\codeig\system\CodeIgniter.php(497): CodeIgniter\CodeIgniter->runController(Object(App\Controllers\NavbarController))
#6 C:\xampp\htdocs\codeig\system\CodeIgniter.php(366): CodeIgniter\CodeIgniter->handleRequest(NULL, Object(Config\Cache), false)
#7 C:\xampp\htdocs\codeig\index.php(67): CodeIgniter\CodeIgniter->run()
#8 {main}
CRITICAL - 2023-08-09 15:42:08 --> Unable to connect to the database.
Main connection [MySQLi]: No connection could be made because the target machine actively refused it
in SYSTEMPATH\Database\BaseConnection.php on line 427.
 1 SYSTEMPATH\Database\BaseConnection.php(574): CodeIgniter\Database\BaseConnection->initialize()
 2 APPPATH\Models\ClassesModel.php(91): CodeIgniter\Database\BaseConnection->query('SELECT students.roll_number,students.name FROM Attendance INNER JOIN students ON Attendance.roll_number=students.roll_number WHERE Attendance.date=:dat: AND students.branch=:branch: AND students.sem=:sem: AND students.sec=:sec:', [...])
 3 APPPATH\Controllers\NavbarController.php(86): App\Models\ClassesModel->get_absent_stds('it', 'b', '5', '2023-08-09')
 4 SYSTEMPATH\CodeIgniter.php(932): App\Controllers\NavbarController->get_day_summary()
 5 SYSTEMPATH\CodeIgniter.php(497): CodeIgniter\CodeIgniter->runController(Object(App\Controllers\NavbarController))
 6 SYSTEMPATH\CodeIgniter.php(366): CodeIgniter\CodeIgniter->handleRequest(null, Object(Config\Cache), false)
 7 FCPATH\index.php(67): CodeIgniter\CodeIgniter->run()
ERROR - 2023-08-09 15:42:08 --> Error connecting to the database: mysqli_sql_exception: No connection could be made because the target machine actively refused it in C:\xampp\htdocs\codeig\system\Database\MySQLi\Connection.php:173
Stack trace:
#0 C:\xampp\htdocs\codeig\system\Database\MySQLi\Connection.php(173): mysqli->real_connect('localhost', 'root', Object(SensitiveParameterValue), 'Attendance', 3306, '', 0)
#1 C:\xampp\htdocs\codeig\system\Database\BaseConnection.php(391): CodeIgniter\Database\MySQLi\Connection->connect(false)
#2 C:\xampp\htdocs\codeig\system\Database\BaseConnection.php(574): CodeIgniter\Database\BaseConnection->initialize()
#3 C:\xampp\htdocs\codeig\app\Models\ClassesModel.php(91): CodeIgniter\Database\BaseConnection->query('SELECT students...', Array)
#4 C:\xampp\htdocs\codeig\app\Controllers\NavbarController.php(86): App\Models\ClassesModel->get_absent_stds('it', 'b', '5', '2023-08-09')
#5 C:\xampp\htdocs\codeig\system\CodeIgniter.php(932): App\Controllers\NavbarController->get_day_summary()
#6 C:\xampp\htdocs\codeig\system\CodeIgniter.php(497): CodeIgniter\CodeIgniter->runController(Object(App\Controllers\NavbarController))
#7 C:\xampp\htdocs\codeig\system\CodeIgniter.php(366): CodeIgniter\CodeIgniter->handleRequest(NULL, Object(Config\Cache), false)
#8 C:\xampp\htdocs\codeig\index.php(67): CodeIgniter\CodeIgniter->run()
#9 {main}

Next CodeIgniter\Database\Exceptions\DatabaseException: No connection could be made because the target machine actively refused it in C:\xampp\htdocs\codeig\system\Database\MySQLi\Connection.php:218
Stack trace:
#0 C:\xampp\htdocs\codeig\system\Database\BaseConnection.php(391): CodeIgniter\Database\MySQLi\Connection->connect(false)
#1 C:\xampp\htdocs\codeig\system\Database\BaseConnection.php(574): CodeIgniter\Database\BaseConnection->initialize()
#2 C:\xampp\htdocs\codeig\app\Models\ClassesModel.php(91): CodeIgniter\Database\BaseConnection->query('SELECT students...', Array)
#3 C:\xampp\htdocs\codeig\app\Controllers\NavbarController.php(86): App\Models\ClassesModel->get_absent_stds('it', 'b', '5', '2023-08-09')
#4 C:\xampp\htdocs\codeig\system\CodeIgniter.php(932): App\Controllers\NavbarController->get_day_summary()
#5 C:\xampp\htdocs\codeig\system\CodeIgniter.php(497): CodeIgniter\CodeIgniter->runController(Object(App\Controllers\NavbarController))
#6 C:\xampp\htdocs\codeig\system\CodeIgniter.php(366): CodeIgniter\CodeIgniter->handleRequest(NULL, Object(Config\Cache), false)
#7 C:\xampp\htdocs\codeig\index.php(67): CodeIgniter\CodeIgniter->run()
#8 {main}
CRITICAL - 2023-08-09 15:42:08 --> Unable to connect to the database.
Main connection [MySQLi]: No connection could be made because the target machine actively refused it
in SYSTEMPATH\Database\BaseConnection.php on line 427.
 1 SYSTEMPATH\Database\BaseConnection.php(574): CodeIgniter\Database\BaseConnection->initialize()
 2 APPPATH\Models\ClassesModel.php(91): CodeIgniter\Database\BaseConnection->query('SELECT students.roll_number,students.name FROM Attendance INNER JOIN students ON Attendance.roll_number=students.roll_number WHERE Attendance.date=:dat: AND students.branch=:branch: AND students.sem=:sem: AND students.sec=:sec:', [...])
 3 APPPATH\Controllers\NavbarController.php(86): App\Models\ClassesModel->get_absent_stds('it', 'b', '5', '2023-08-09')
 4 SYSTEMPATH\CodeIgniter.php(932): App\Controllers\NavbarController->get_day_summary()
 5 SYSTEMPATH\CodeIgniter.php(497): CodeIgniter\CodeIgniter->runController(Object(App\Controllers\NavbarController))
 6 SYSTEMPATH\CodeIgniter.php(366): CodeIgniter\CodeIgniter->handleRequest(null, Object(Config\Cache), false)
 7 FCPATH\index.php(67): CodeIgniter\CodeIgniter->run()
ERROR - 2023-08-09 15:42:08 --> Error connecting to the database: mysqli_sql_exception: No connection could be made because the target machine actively refused it in C:\xampp\htdocs\codeig\system\Database\MySQLi\Connection.php:173
Stack trace:
#0 C:\xampp\htdocs\codeig\system\Database\MySQLi\Connection.php(173): mysqli->real_connect('localhost', 'root', Object(SensitiveParameterValue), 'Attendance', 3306, '', 0)
#1 C:\xampp\htdocs\codeig\system\Database\BaseConnection.php(391): CodeIgniter\Database\MySQLi\Connection->connect(false)
#2 C:\xampp\htdocs\codeig\system\Database\BaseConnection.php(574): CodeIgniter\Database\BaseConnection->initialize()
#3 C:\xampp\htdocs\codeig\app\Models\ClassesModel.php(91): CodeIgniter\Database\BaseConnection->query('SELECT students...', Array)
#4 C:\xampp\htdocs\codeig\app\Controllers\NavbarController.php(86): App\Models\ClassesModel->get_absent_stds('it', 'b', '5', '2023-08-09')
#5 C:\xampp\htdocs\codeig\system\CodeIgniter.php(932): App\Controllers\NavbarController->get_day_summary()
#6 C:\xampp\htdocs\codeig\system\CodeIgniter.php(497): CodeIgniter\CodeIgniter->runController(Object(App\Controllers\NavbarController))
#7 C:\xampp\htdocs\codeig\system\CodeIgniter.php(366): CodeIgniter\CodeIgniter->handleRequest(NULL, Object(Config\Cache), false)
#8 C:\xampp\htdocs\codeig\index.php(67): CodeIgniter\CodeIgniter->run()
#9 {main}

Next CodeIgniter\Database\Exceptions\DatabaseException: No connection could be made because the target machine actively refused it in C:\xampp\htdocs\codeig\system\Database\MySQLi\Connection.php:218
Stack trace:
#0 C:\xampp\htdocs\codeig\system\Database\BaseConnection.php(391): CodeIgniter\Database\MySQLi\Connection->connect(false)
#1 C:\xampp\htdocs\codeig\system\Database\BaseConnection.php(574): CodeIgniter\Database\BaseConnection->initialize()
#2 C:\xampp\htdocs\codeig\app\Models\ClassesModel.php(91): CodeIgniter\Database\BaseConnection->query('SELECT students...', Array)
#3 C:\xampp\htdocs\codeig\app\Controllers\NavbarController.php(86): App\Models\ClassesModel->get_absent_stds('it', 'b', '5', '2023-08-09')
#4 C:\xampp\htdocs\codeig\system\CodeIgniter.php(932): App\Controllers\NavbarController->get_day_summary()
#5 C:\xampp\htdocs\codeig\system\CodeIgniter.php(497): CodeIgniter\CodeIgniter->runController(Object(App\Controllers\NavbarController))
#6 C:\xampp\htdocs\codeig\system\CodeIgniter.php(366): CodeIgniter\CodeIgniter->handleRequest(NULL, Object(Config\Cache), false)
#7 C:\xampp\htdocs\codeig\index.php(67): CodeIgniter\CodeIgniter->run()
#8 {main}
CRITICAL - 2023-08-09 15:42:08 --> Unable to connect to the database.
Main connection [MySQLi]: No connection could be made because the target machine actively refused it
in SYSTEMPATH\Database\BaseConnection.php on line 427.
 1 SYSTEMPATH\Database\BaseConnection.php(574): CodeIgniter\Database\BaseConnection->initialize()
 2 APPPATH\Models\ClassesModel.php(91): CodeIgniter\Database\BaseConnection->query('SELECT students.roll_number,students.name FROM Attendance INNER JOIN students ON Attendance.roll_number=students.roll_number WHERE Attendance.date=:dat: AND students.branch=:branch: AND students.sem=:sem: AND students.sec=:sec:', [...])
 3 APPPATH\Controllers\NavbarController.php(86): App\Models\ClassesModel->get_absent_stds('it', 'b', '5', '2023-08-09')
 4 SYSTEMPATH\CodeIgniter.php(932): App\Controllers\NavbarController->get_day_summary()
 5 SYSTEMPATH\CodeIgniter.php(497): CodeIgniter\CodeIgniter->runController(Object(App\Controllers\NavbarController))
 6 SYSTEMPATH\CodeIgniter.php(366): CodeIgniter\CodeIgniter->handleRequest(null, Object(Config\Cache), false)
 7 FCPATH\index.php(67): CodeIgniter\CodeIgniter->run()
ERROR - 2023-08-09 15:42:08 --> Error connecting to the database: mysqli_sql_exception: No connection could be made because the target machine actively refused it in C:\xampp\htdocs\codeig\system\Database\MySQLi\Connection.php:173
Stack trace:
#0 C:\xampp\htdocs\codeig\system\Database\MySQLi\Connection.php(173): mysqli->real_connect('localhost', 'root', Object(SensitiveParameterValue), 'Attendance', 3306, '', 0)
#1 C:\xampp\htdocs\codeig\system\Database\BaseConnection.php(391): CodeIgniter\Database\MySQLi\Connection->connect(false)
#2 C:\xampp\htdocs\codeig\system\Database\BaseConnection.php(574): CodeIgniter\Database\BaseConnection->initialize()
#3 C:\xampp\htdocs\codeig\app\Models\ClassesModel.php(91): CodeIgniter\Database\BaseConnection->query('SELECT students...', Array)
#4 C:\xampp\htdocs\codeig\app\Controllers\NavbarController.php(86): App\Models\ClassesModel->get_absent_stds('it', 'b', '5', '2023-08-09')
#5 C:\xampp\htdocs\codeig\system\CodeIgniter.php(932): App\Controllers\NavbarController->get_day_summary()
#6 C:\xampp\htdocs\codeig\system\CodeIgniter.php(497): CodeIgniter\CodeIgniter->runController(Object(App\Controllers\NavbarController))
#7 C:\xampp\htdocs\codeig\system\CodeIgniter.php(366): CodeIgniter\CodeIgniter->handleRequest(NULL, Object(Config\Cache), false)
#8 C:\xampp\htdocs\codeig\index.php(67): CodeIgniter\CodeIgniter->run()
#9 {main}

Next CodeIgniter\Database\Exceptions\DatabaseException: No connection could be made because the target machine actively refused it in C:\xampp\htdocs\codeig\system\Database\MySQLi\Connection.php:218
Stack trace:
#0 C:\xampp\htdocs\codeig\system\Database\BaseConnection.php(391): CodeIgniter\Database\MySQLi\Connection->connect(false)
#1 C:\xampp\htdocs\codeig\system\Database\BaseConnection.php(574): CodeIgniter\Database\BaseConnection->initialize()
#2 C:\xampp\htdocs\codeig\app\Models\ClassesModel.php(91): CodeIgniter\Database\BaseConnection->query('SELECT students...', Array)
#3 C:\xampp\htdocs\codeig\app\Controllers\NavbarController.php(86): App\Models\ClassesModel->get_absent_stds('it', 'b', '5', '2023-08-09')
#4 C:\xampp\htdocs\codeig\system\CodeIgniter.php(932): App\Controllers\NavbarController->get_day_summary()
#5 C:\xampp\htdocs\codeig\system\CodeIgniter.php(497): CodeIgniter\CodeIgniter->runController(Object(App\Controllers\NavbarController))
#6 C:\xampp\htdocs\codeig\system\CodeIgniter.php(366): CodeIgniter\CodeIgniter->handleRequest(NULL, Object(Config\Cache), false)
#7 C:\xampp\htdocs\codeig\index.php(67): CodeIgniter\CodeIgniter->run()
#8 {main}
CRITICAL - 2023-08-09 15:42:08 --> Unable to connect to the database.
Main connection [MySQLi]: No connection could be made because the target machine actively refused it
in SYSTEMPATH\Database\BaseConnection.php on line 427.
 1 SYSTEMPATH\Database\BaseConnection.php(574): CodeIgniter\Database\BaseConnection->initialize()
 2 APPPATH\Models\ClassesModel.php(91): CodeIgniter\Database\BaseConnection->query('SELECT students.roll_number,students.name FROM Attendance INNER JOIN students ON Attendance.roll_number=students.roll_number WHERE Attendance.date=:dat: AND students.branch=:branch: AND students.sem=:sem: AND students.sec=:sec:', [...])
 3 APPPATH\Controllers\NavbarController.php(86): App\Models\ClassesModel->get_absent_stds('it', 'b', '5', '2023-08-09')
 4 SYSTEMPATH\CodeIgniter.php(932): App\Controllers\NavbarController->get_day_summary()
 5 SYSTEMPATH\CodeIgniter.php(497): CodeIgniter\CodeIgniter->runController(Object(App\Controllers\NavbarController))
 6 SYSTEMPATH\CodeIgniter.php(366): CodeIgniter\CodeIgniter->handleRequest(null, Object(Config\Cache), false)
 7 FCPATH\index.php(67): CodeIgniter\CodeIgniter->run()
ERROR - 2023-08-09 15:42:08 --> Error connecting to the database: mysqli_sql_exception: No connection could be made because the target machine actively refused it in C:\xampp\htdocs\codeig\system\Database\MySQLi\Connection.php:173
Stack trace:
#0 C:\xampp\htdocs\codeig\system\Database\MySQLi\Connection.php(173): mysqli->real_connect('localhost', 'root', Object(SensitiveParameterValue), 'Attendance', 3306, '', 0)
#1 C:\xampp\htdocs\codeig\system\Database\BaseConnection.php(391): CodeIgniter\Database\MySQLi\Connection->connect(false)
#2 C:\xampp\htdocs\codeig\system\Database\BaseConnection.php(574): CodeIgniter\Database\BaseConnection->initialize()
#3 C:\xampp\htdocs\codeig\app\Models\ClassesModel.php(91): CodeIgniter\Database\BaseConnection->query('SELECT students...', Array)
#4 C:\xampp\htdocs\codeig\app\Controllers\NavbarController.php(86): App\Models\ClassesModel->get_absent_stds('it', 'b', '5', '2023-08-09')
#5 C:\xampp\htdocs\codeig\system\CodeIgniter.php(932): App\Controllers\NavbarController->get_day_summary()
#6 C:\xampp\htdocs\codeig\system\CodeIgniter.php(497): CodeIgniter\CodeIgniter->runController(Object(App\Controllers\NavbarController))
#7 C:\xampp\htdocs\codeig\system\CodeIgniter.php(366): CodeIgniter\CodeIgniter->handleRequest(NULL, Object(Config\Cache), false)
#8 C:\xampp\htdocs\codeig\index.php(67): CodeIgniter\CodeIgniter->run()
#9 {main}

Next CodeIgniter\Database\Exceptions\DatabaseException: No connection could be made because the target machine actively refused it in C:\xampp\htdocs\codeig\system\Database\MySQLi\Connection.php:218
Stack trace:
#0 C:\xampp\htdocs\codeig\system\Database\BaseConnection.php(391): CodeIgniter\Database\MySQLi\Connection->connect(false)
#1 C:\xampp\htdocs\codeig\system\Database\BaseConnection.php(574): CodeIgniter\Database\BaseConnection->initialize()
#2 C:\xampp\htdocs\codeig\app\Models\ClassesModel.php(91): CodeIgniter\Database\BaseConnection->query('SELECT students...', Array)
#3 C:\xampp\htdocs\codeig\app\Controllers\NavbarController.php(86): App\Models\ClassesModel->get_absent_stds('it', 'b', '5', '2023-08-09')
#4 C:\xampp\htdocs\codeig\system\CodeIgniter.php(932): App\Controllers\NavbarController->get_day_summary()
#5 C:\xampp\htdocs\codeig\system\CodeIgniter.php(497): CodeIgniter\CodeIgniter->runController(Object(App\Controllers\NavbarController))
#6 C:\xampp\htdocs\codeig\system\CodeIgniter.php(366): CodeIgniter\CodeIgniter->handleRequest(NULL, Object(Config\Cache), false)
#7 C:\xampp\htdocs\codeig\index.php(67): CodeIgniter\CodeIgniter->run()
#8 {main}
CRITICAL - 2023-08-09 15:42:08 --> Unable to connect to the database.
Main connection [MySQLi]: No connection could be made because the target machine actively refused it
in SYSTEMPATH\Database\BaseConnection.php on line 427.
 1 SYSTEMPATH\Database\BaseConnection.php(574): CodeIgniter\Database\BaseConnection->initialize()
 2 APPPATH\Models\ClassesModel.php(91): CodeIgniter\Database\BaseConnection->query('SELECT students.roll_number,students.name FROM Attendance INNER JOIN students ON Attendance.roll_number=students.roll_number WHERE Attendance.date=:dat: AND students.branch=:branch: AND students.sem=:sem: AND students.sec=:sec:', [...])
 3 APPPATH\Controllers\NavbarController.php(86): App\Models\ClassesModel->get_absent_stds('it', 'b', '5', '2023-08-09')
 4 SYSTEMPATH\CodeIgniter.php(932): App\Controllers\NavbarController->get_day_summary()
 5 SYSTEMPATH\CodeIgniter.php(497): CodeIgniter\CodeIgniter->runController(Object(App\Controllers\NavbarController))
 6 SYSTEMPATH\CodeIgniter.php(366): CodeIgniter\CodeIgniter->handleRequest(null, Object(Config\Cache), false)
 7 FCPATH\index.php(67): CodeIgniter\CodeIgniter->run()
