CRITICAL - 2023-08-11 09:02:00 --> Undefined variable $mode
in APPPATH\Views\summary.php on line 10.
 1 APPPATH\Views\summary.php(10): CodeIgniter\Debug\Exceptions->errorHandler(2, 'Undefined variable $mode', 'C:\\xampp\\htdocs\\codeig\\app\\Views\\summary.php', 10)
 2 SYSTEMPATH\View\View.php(224): include('C:\\xampp\\htdocs\\codeig\\app\\Views\\summary.php')
 3 SYSTEMPATH\View\View.php(227): CodeIgniter\View\View->CodeIgniter\View\{closure}()
 4 SYSTEMPATH\Common.php(1180): CodeIgniter\View\View->render('summary', [], true)
 5 APPPATH\Controllers\NavbarController.php(165): view('summary')
 6 SYSTEMPATH\CodeIgniter.php(932): App\Controllers\NavbarController->index3()
 7 SYSTEMPATH\CodeIgniter.php(497): CodeIgniter\CodeIgniter->runController(Object(App\Controllers\NavbarController))
 8 SYSTEMPATH\CodeIgniter.php(366): CodeIgniter\CodeIgniter->handleRequest(null, Object(Config\Cache), false)
 9 FCPATH\index.php(67): CodeIgniter\CodeIgniter->run()
CRITICAL - 2023-08-11 09:03:46 --> Undefined variable $mode
in APPPATH\Views\summary.php on line 12.
 1 APPPATH\Views\summary.php(12): CodeIgniter\Debug\Exceptions->errorHandler(2, 'Undefined variable $mode', 'C:\\xampp\\htdocs\\codeig\\app\\Views\\summary.php', 12)
 2 SYSTEMPATH\View\View.php(224): include('C:\\xampp\\htdocs\\codeig\\app\\Views\\summary.php')
 3 SYSTEMPATH\View\View.php(227): CodeIgniter\View\View->CodeIgniter\View\{closure}()
 4 SYSTEMPATH\Common.php(1180): CodeIgniter\View\View->render('summary', [], true)
 5 APPPATH\Controllers\NavbarController.php(165): view('summary')
 6 SYSTEMPATH\CodeIgniter.php(932): App\Controllers\NavbarController->index3()
 7 SYSTEMPATH\CodeIgniter.php(497): CodeIgniter\CodeIgniter->runController(Object(App\Controllers\NavbarController))
 8 SYSTEMPATH\CodeIgniter.php(366): CodeIgniter\CodeIgniter->handleRequest(null, Object(Config\Cache), false)
 9 FCPATH\index.php(67): CodeIgniter\CodeIgniter->run()
CRITICAL - 2023-08-11 09:03:50 --> Undefined variable $mode
in APPPATH\Views\summary.php on line 12.
 1 APPPATH\Views\summary.php(12): CodeIgniter\Debug\Exceptions->errorHandler(2, 'Undefined variable $mode', 'C:\\xampp\\htdocs\\codeig\\app\\Views\\summary.php', 12)
 2 SYSTEMPATH\View\View.php(224): include('C:\\xampp\\htdocs\\codeig\\app\\Views\\summary.php')
 3 SYSTEMPATH\View\View.php(227): CodeIgniter\View\View->CodeIgniter\View\{closure}()
 4 SYSTEMPATH\Common.php(1180): CodeIgniter\View\View->render('summary', [], true)
 5 APPPATH\Controllers\NavbarController.php(165): view('summary')
 6 SYSTEMPATH\CodeIgniter.php(932): App\Controllers\NavbarController->index3()
 7 SYSTEMPATH\CodeIgniter.php(497): CodeIgniter\CodeIgniter->runController(Object(App\Controllers\NavbarController))
 8 SYSTEMPATH\CodeIgniter.php(366): CodeIgniter\CodeIgniter->handleRequest(null, Object(Config\Cache), false)
 9 FCPATH\index.php(67): CodeIgniter\CodeIgniter->run()
CRITICAL - 2023-08-11 09:08:17 --> Undefined variable $mode
in APPPATH\Views\summary.php on line 10.
 1 APPPATH\Views\summary.php(10): CodeIgniter\Debug\Exceptions->errorHandler(2, 'Undefined variable $mode', 'C:\\xampp\\htdocs\\codeig\\app\\Views\\summary.php', 10)
 2 SYSTEMPATH\View\View.php(224): include('C:\\xampp\\htdocs\\codeig\\app\\Views\\summary.php')
 3 SYSTEMPATH\View\View.php(227): CodeIgniter\View\View->CodeIgniter\View\{closure}()
 4 SYSTEMPATH\Common.php(1180): CodeIgniter\View\View->render('summary', [], true)
 5 APPPATH\Controllers\NavbarController.php(165): view('summary')
 6 SYSTEMPATH\CodeIgniter.php(932): App\Controllers\NavbarController->index3()
 7 SYSTEMPATH\CodeIgniter.php(497): CodeIgniter\CodeIgniter->runController(Object(App\Controllers\NavbarController))
 8 SYSTEMPATH\CodeIgniter.php(366): CodeIgniter\CodeIgniter->handleRequest(null, Object(Config\Cache), false)
 9 FCPATH\index.php(67): CodeIgniter\CodeIgniter->run()
CRITICAL - 2023-08-11 09:08:21 --> Undefined variable $mode
in APPPATH\Views\summary.php on line 10.
 1 APPPATH\Views\summary.php(10): CodeIgniter\Debug\Exceptions->errorHandler(2, 'Undefined variable $mode', 'C:\\xampp\\htdocs\\codeig\\app\\Views\\summary.php', 10)
 2 SYSTEMPATH\View\View.php(224): include('C:\\xampp\\htdocs\\codeig\\app\\Views\\summary.php')
 3 SYSTEMPATH\View\View.php(227): CodeIgniter\View\View->CodeIgniter\View\{closure}()
 4 SYSTEMPATH\Common.php(1180): CodeIgniter\View\View->render('summary', [], true)
 5 APPPATH\Controllers\NavbarController.php(165): view('summary')
 6 SYSTEMPATH\CodeIgniter.php(932): App\Controllers\NavbarController->index3()
 7 SYSTEMPATH\CodeIgniter.php(497): CodeIgniter\CodeIgniter->runController(Object(App\Controllers\NavbarController))
 8 SYSTEMPATH\CodeIgniter.php(366): CodeIgniter\CodeIgniter->handleRequest(null, Object(Config\Cache), false)
 9 FCPATH\index.php(67): CodeIgniter\CodeIgniter->run()
CRITICAL - 2023-08-11 09:17:02 --> Undefined variable $mode1
in APPPATH\Views\summary.php on line 10.
 1 APPPATH\Views\summary.php(10): CodeIgniter\Debug\Exceptions->errorHandler(2, 'Undefined variable $mode1', 'C:\\xampp\\htdocs\\codeig\\app\\Views\\summary.php', 10)
 2 SYSTEMPATH\View\View.php(224): include('C:\\xampp\\htdocs\\codeig\\app\\Views\\summary.php')
 3 SYSTEMPATH\View\View.php(227): CodeIgniter\View\View->CodeIgniter\View\{closure}()
 4 SYSTEMPATH\Common.php(1180): CodeIgniter\View\View->render('summary', [], true)
 5 APPPATH\Controllers\NavbarController.php(165): view('summary')
 6 SYSTEMPATH\CodeIgniter.php(932): App\Controllers\NavbarController->index3()
 7 SYSTEMPATH\CodeIgniter.php(497): CodeIgniter\CodeIgniter->runController(Object(App\Controllers\NavbarController))
 8 SYSTEMPATH\CodeIgniter.php(366): CodeIgniter\CodeIgniter->handleRequest(null, Object(Config\Cache), false)
 9 FCPATH\index.php(67): CodeIgniter\CodeIgniter->run()
CRITICAL - 2023-08-11 09:17:12 --> Undefined variable $mode1
in APPPATH\Views\summary.php on line 10.
 1 APPPATH\Views\summary.php(10): CodeIgniter\Debug\Exceptions->errorHandler(2, 'Undefined variable $mode1', 'C:\\xampp\\htdocs\\codeig\\app\\Views\\summary.php', 10)
 2 SYSTEMPATH\View\View.php(224): include('C:\\xampp\\htdocs\\codeig\\app\\Views\\summary.php')
 3 SYSTEMPATH\View\View.php(227): CodeIgniter\View\View->CodeIgniter\View\{closure}()
 4 SYSTEMPATH\Common.php(1180): CodeIgniter\View\View->render('summary', [], true)
 5 APPPATH\Controllers\NavbarController.php(165): view('summary')
 6 SYSTEMPATH\CodeIgniter.php(932): App\Controllers\NavbarController->index3()
 7 SYSTEMPATH\CodeIgniter.php(497): CodeIgniter\CodeIgniter->runController(Object(App\Controllers\NavbarController))
 8 SYSTEMPATH\CodeIgniter.php(366): CodeIgniter\CodeIgniter->handleRequest(null, Object(Config\Cache), false)
 9 FCPATH\index.php(67): CodeIgniter\CodeIgniter->run()
CRITICAL - 2023-08-11 09:20:15 --> Undefined variable $mode
in APPPATH\Views\summary.php on line 11.
 1 APPPATH\Views\summary.php(11): CodeIgniter\Debug\Exceptions->errorHandler(2, 'Undefined variable $mode', 'C:\\xampp\\htdocs\\codeig\\app\\Views\\summary.php', 11)
 2 SYSTEMPATH\View\View.php(224): include('C:\\xampp\\htdocs\\codeig\\app\\Views\\summary.php')
 3 SYSTEMPATH\View\View.php(227): CodeIgniter\View\View->CodeIgniter\View\{closure}()
 4 SYSTEMPATH\Common.php(1180): CodeIgniter\View\View->render('summary', [], true)
 5 APPPATH\Controllers\NavbarController.php(165): view('summary')
 6 SYSTEMPATH\CodeIgniter.php(932): App\Controllers\NavbarController->index3()
 7 SYSTEMPATH\CodeIgniter.php(497): CodeIgniter\CodeIgniter->runController(Object(App\Controllers\NavbarController))
 8 SYSTEMPATH\CodeIgniter.php(366): CodeIgniter\CodeIgniter->handleRequest(null, Object(Config\Cache), false)
 9 FCPATH\index.php(67): CodeIgniter\CodeIgniter->run()
CRITICAL - 2023-08-11 09:21:37 --> Undefined variable $sems
in APPPATH\Views\summary.php on line 17.
 1 APPPATH\Views\summary.php(17): CodeIgniter\Debug\Exceptions->errorHandler(2, 'Undefined variable $sems', 'C:\\xampp\\htdocs\\codeig\\app\\Views\\summary.php', 17)
 2 SYSTEMPATH\View\View.php(224): include('C:\\xampp\\htdocs\\codeig\\app\\Views\\summary.php')
 3 SYSTEMPATH\View\View.php(227): CodeIgniter\View\View->CodeIgniter\View\{closure}()
 4 SYSTEMPATH\Common.php(1180): CodeIgniter\View\View->render('summary', [], true)
 5 APPPATH\Controllers\NavbarController.php(165): view('summary')
 6 SYSTEMPATH\CodeIgniter.php(932): App\Controllers\NavbarController->index3()
 7 SYSTEMPATH\CodeIgniter.php(497): CodeIgniter\CodeIgniter->runController(Object(App\Controllers\NavbarController))
 8 SYSTEMPATH\CodeIgniter.php(366): CodeIgniter\CodeIgniter->handleRequest(null, Object(Config\Cache), false)
 9 FCPATH\index.php(67): CodeIgniter\CodeIgniter->run()
CRITICAL - 2023-08-11 09:35:28 --> Undefined variable $sems
in APPPATH\Views\summary.php on line 17.
 1 APPPATH\Views\summary.php(17): CodeIgniter\Debug\Exceptions->errorHandler(2, 'Undefined variable $sems', 'C:\\xampp\\htdocs\\codeig\\app\\Views\\summary.php', 17)
 2 SYSTEMPATH\View\View.php(224): include('C:\\xampp\\htdocs\\codeig\\app\\Views\\summary.php')
 3 SYSTEMPATH\View\View.php(227): CodeIgniter\View\View->CodeIgniter\View\{closure}()
 4 SYSTEMPATH\Common.php(1180): CodeIgniter\View\View->render('summary', [], true)
 5 APPPATH\Controllers\NavbarController.php(165): view('summary')
 6 SYSTEMPATH\CodeIgniter.php(932): App\Controllers\NavbarController->index3()
 7 SYSTEMPATH\CodeIgniter.php(497): CodeIgniter\CodeIgniter->runController(Object(App\Controllers\NavbarController))
 8 SYSTEMPATH\CodeIgniter.php(366): CodeIgniter\CodeIgniter->handleRequest(null, Object(Config\Cache), false)
 9 FCPATH\index.php(67): CodeIgniter\CodeIgniter->run()
