ERROR - 2023-08-02 09:40:05 --> mysqli_sql_exception: Table 'login.students' doesn't exist in C:\xampp\htdocs\codeig\system\Database\MySQLi\Connection.php:295
Stack trace:
#0 C:\xampp\htdocs\codeig\system\Database\MySQLi\Connection.php(295): mysqli->query('SELECT * FROM s...', 0)
#1 C:\xampp\htdocs\codeig\system\Database\BaseConnection.php(692): CodeIgniter\Database\MySQLi\Connection->execute('SELECT * FROM s...')
#2 C:\xampp\htdocs\codeig\system\Database\BaseConnection.php(606): CodeIgniter\Database\BaseConnection->simpleQuery('SELECT * FROM s...')
#3 C:\xampp\htdocs\codeig\app\Models\StudentModel.php(13): CodeIgniter\Database\BaseConnection->query('SELECT * FROM s...')
#4 C:\xampp\htdocs\codeig\app\Controllers\StudentController.php(72): App\Models\StudentModel->getStudents()
#5 C:\xampp\htdocs\codeig\system\CodeIgniter.php(932): App\Controllers\StudentController->edit()
#6 C:\xampp\htdocs\codeig\system\CodeIgniter.php(497): CodeIgniter\CodeIgniter->runController(Object(App\Controllers\StudentController))
#7 C:\xampp\htdocs\codeig\system\CodeIgniter.php(366): CodeIgniter\CodeIgniter->handleRequest(NULL, Object(Config\Cache), false)
#8 C:\xampp\htdocs\codeig\index.php(67): CodeIgniter\CodeIgniter->run()
#9 {main}
CRITICAL - 2023-08-02 09:40:05 --> Table 'login.students' doesn't exist
in SYSTEMPATH\Database\MySQLi\Connection.php on line 295.
 1 SYSTEMPATH\Database\MySQLi\Connection.php(295): mysqli->query('SELECT * FROM students', 0)
 2 SYSTEMPATH\Database\BaseConnection.php(692): CodeIgniter\Database\MySQLi\Connection->execute('SELECT * FROM students')
 3 SYSTEMPATH\Database\BaseConnection.php(606): CodeIgniter\Database\BaseConnection->simpleQuery('SELECT * FROM students')
 4 APPPATH\Models\StudentModel.php(13): CodeIgniter\Database\BaseConnection->query('SELECT * FROM students')
 5 APPPATH\Controllers\StudentController.php(72): App\Models\StudentModel->getStudents()
 6 SYSTEMPATH\CodeIgniter.php(932): App\Controllers\StudentController->edit()
 7 SYSTEMPATH\CodeIgniter.php(497): CodeIgniter\CodeIgniter->runController(Object(App\Controllers\StudentController))
 8 SYSTEMPATH\CodeIgniter.php(366): CodeIgniter\CodeIgniter->handleRequest(null, Object(Config\Cache), false)
 9 FCPATH\index.php(67): CodeIgniter\CodeIgniter->run()
CRITICAL - 2023-08-02 10:06:27 --> Call to undefined method App\Controllers\AuthController::view()
in APPPATH\Controllers\AuthController.php on line 11.
 1 SYSTEMPATH\CodeIgniter.php(932): App\Controllers\AuthController->index()
 2 SYSTEMPATH\CodeIgniter.php(497): CodeIgniter\CodeIgniter->runController(Object(App\Controllers\AuthController))
 3 SYSTEMPATH\CodeIgniter.php(366): CodeIgniter\CodeIgniter->handleRequest(null, Object(Config\Cache), false)
 4 FCPATH\index.php(67): CodeIgniter\CodeIgniter->run()
CRITICAL - 2023-08-02 10:27:29 --> Call to undefined method App\Models\UserModel::where()
in APPPATH\Controllers\AuthController.php on line 19.
 1 SYSTEMPATH\CodeIgniter.php(932): App\Controllers\AuthController->login()
 2 SYSTEMPATH\CodeIgniter.php(497): CodeIgniter\CodeIgniter->runController(Object(App\Controllers\AuthController))
 3 SYSTEMPATH\CodeIgniter.php(366): CodeIgniter\CodeIgniter->handleRequest(null, Object(Config\Cache), false)
 4 FCPATH\index.php(67): CodeIgniter\CodeIgniter->run()
CRITICAL - 2023-08-02 10:34:17 --> Attempt to read property "password" on array
in APPPATH\Controllers\AuthController.php on line 22.
 1 APPPATH\Controllers\AuthController.php(22): CodeIgniter\Debug\Exceptions->errorHandler(2, 'Attempt to read property "password" on array', 'C:\\xampp\\htdocs\\codeig\\app\\Controllers\\AuthController.php', 22)
 2 SYSTEMPATH\CodeIgniter.php(932): App\Controllers\AuthController->login()
 3 SYSTEMPATH\CodeIgniter.php(497): CodeIgniter\CodeIgniter->runController(Object(App\Controllers\AuthController))
 4 SYSTEMPATH\CodeIgniter.php(366): CodeIgniter\CodeIgniter->handleRequest(null, Object(Config\Cache), false)
 5 FCPATH\index.php(67): CodeIgniter\CodeIgniter->run()
