CRITICAL - 2023-08-07 05:02:01 --> Value of type null is not callable
in APPPATH\Controllers\AuthController.php on line 48.
 1 SYSTEMPATH\CodeIgniter.php(932): App\Controllers\AuthController->logout()
 2 SYSTEMPATH\CodeIgniter.php(497): CodeIgniter\CodeIgniter->runController(Object(App\Controllers\AuthController))
 3 SYSTEMPATH\CodeIgniter.php(366): CodeIgniter\CodeIgniter->handleRequest(null, Object(Config\Cache), false)
 4 FCPATH\index.php(67): CodeIgniter\CodeIgniter->run()
CRITICAL - 2023-08-07 05:17:41 --> syntax error, unexpected token "(", expecting identifier or variable or "{" or "$"
in APPPATH\Controllers\AuthController.php on line 10.
 1 SYSTEMPATH\Router\Router.php(507): CodeIgniter\Router\AutoRouter->getRoute('AuthController/login', 'post')
 2 SYSTEMPATH\Router\Router.php(206): CodeIgniter\Router\Router->autoRoute('AuthController/login')
 3 SYSTEMPATH\CodeIgniter.php(813): CodeIgniter\Router\Router->handle('AuthController/login')
 4 SYSTEMPATH\CodeIgniter.php(447): CodeIgniter\CodeIgniter->tryToRouteIt(Object(CodeIgniter\Router\RouteCollection))
 5 SYSTEMPATH\CodeIgniter.php(366): CodeIgniter\CodeIgniter->handleRequest(null, Object(Config\Cache), false)
 6 FCPATH\index.php(67): CodeIgniter\CodeIgniter->run()
CRITICAL - 2023-08-07 05:17:51 --> syntax error, unexpected token "(", expecting identifier or variable or "{" or "$"
in APPPATH\Controllers\AuthController.php on line 10.
 1 SYSTEMPATH\Router\Router.php(507): CodeIgniter\Router\AutoRouter->getRoute('AuthController/login', 'post')
 2 SYSTEMPATH\Router\Router.php(206): CodeIgniter\Router\Router->autoRoute('AuthController/login')
 3 SYSTEMPATH\CodeIgniter.php(813): CodeIgniter\Router\Router->handle('AuthController/login')
 4 SYSTEMPATH\CodeIgniter.php(447): CodeIgniter\CodeIgniter->tryToRouteIt(Object(CodeIgniter\Router\RouteCollection))
 5 SYSTEMPATH\CodeIgniter.php(366): CodeIgniter\CodeIgniter->handleRequest(null, Object(Config\Cache), false)
 6 FCPATH\index.php(67): CodeIgniter\CodeIgniter->run()
CRITICAL - 2023-08-07 05:18:22 --> syntax error, unexpected token "(", expecting identifier or variable or "{" or "$"
in APPPATH\Controllers\AuthController.php on line 10.
 1 SYSTEMPATH\Router\Router.php(507): CodeIgniter\Router\AutoRouter->getRoute('AuthController/login', 'post')
 2 SYSTEMPATH\Router\Router.php(206): CodeIgniter\Router\Router->autoRoute('AuthController/login')
 3 SYSTEMPATH\CodeIgniter.php(813): CodeIgniter\Router\Router->handle('AuthController/login')
 4 SYSTEMPATH\CodeIgniter.php(447): CodeIgniter\CodeIgniter->tryToRouteIt(Object(CodeIgniter\Router\RouteCollection))
 5 SYSTEMPATH\CodeIgniter.php(366): CodeIgniter\CodeIgniter->handleRequest(null, Object(Config\Cache), false)
 6 FCPATH\index.php(67): CodeIgniter\CodeIgniter->run()
CRITICAL - 2023-08-07 06:12:29 --> session_destroy(): Trying to destroy uninitialized session
in APPPATH\Controllers\AuthController.php on line 50.
 1 [internal function]: CodeIgniter\Debug\Exceptions->errorHandler(2, 'session_destroy(): Trying to destroy uninitialized session', 'C:\\xampp\\htdocs\\codeig\\app\\Controllers\\AuthController.php', 50)
 2 APPPATH\Controllers\AuthController.php(50): session_destroy()
 3 SYSTEMPATH\CodeIgniter.php(932): App\Controllers\AuthController->logout()
 4 SYSTEMPATH\CodeIgniter.php(497): CodeIgniter\CodeIgniter->runController(Object(App\Controllers\AuthController))
 5 SYSTEMPATH\CodeIgniter.php(366): CodeIgniter\CodeIgniter->handleRequest(null, Object(Config\Cache), false)
 6 FCPATH\index.php(67): CodeIgniter\CodeIgniter->run()
CRITICAL - 2023-08-07 06:14:24 --> session_destroy(): Trying to destroy uninitialized session
in APPPATH\Controllers\AuthController.php on line 50.
 1 [internal function]: CodeIgniter\Debug\Exceptions->errorHandler(2, 'session_destroy(): Trying to destroy uninitialized session', 'C:\\xampp\\htdocs\\codeig\\app\\Controllers\\AuthController.php', 50)
 2 APPPATH\Controllers\AuthController.php(50): session_destroy()
 3 SYSTEMPATH\CodeIgniter.php(932): App\Controllers\AuthController->logout()
 4 SYSTEMPATH\CodeIgniter.php(497): CodeIgniter\CodeIgniter->runController(Object(App\Controllers\AuthController))
 5 SYSTEMPATH\CodeIgniter.php(366): CodeIgniter\CodeIgniter->handleRequest(null, Object(Config\Cache), false)
 6 FCPATH\index.php(67): CodeIgniter\CodeIgniter->run()
CRITICAL - 2023-08-07 06:14:26 --> session_destroy(): Trying to destroy uninitialized session
in APPPATH\Controllers\AuthController.php on line 50.
 1 [internal function]: CodeIgniter\Debug\Exceptions->errorHandler(2, 'session_destroy(): Trying to destroy uninitialized session', 'C:\\xampp\\htdocs\\codeig\\app\\Controllers\\AuthController.php', 50)
 2 APPPATH\Controllers\AuthController.php(50): session_destroy()
 3 SYSTEMPATH\CodeIgniter.php(932): App\Controllers\AuthController->logout()
 4 SYSTEMPATH\CodeIgniter.php(497): CodeIgniter\CodeIgniter->runController(Object(App\Controllers\AuthController))
 5 SYSTEMPATH\CodeIgniter.php(366): CodeIgniter\CodeIgniter->handleRequest(null, Object(Config\Cache), false)
 6 FCPATH\index.php(67): CodeIgniter\CodeIgniter->run()
CRITICAL - 2023-08-07 06:14:26 --> session_destroy(): Trying to destroy uninitialized session
in APPPATH\Controllers\AuthController.php on line 50.
 1 [internal function]: CodeIgniter\Debug\Exceptions->errorHandler(2, 'session_destroy(): Trying to destroy uninitialized session', 'C:\\xampp\\htdocs\\codeig\\app\\Controllers\\AuthController.php', 50)
 2 APPPATH\Controllers\AuthController.php(50): session_destroy()
 3 SYSTEMPATH\CodeIgniter.php(932): App\Controllers\AuthController->logout()
 4 SYSTEMPATH\CodeIgniter.php(497): CodeIgniter\CodeIgniter->runController(Object(App\Controllers\AuthController))
 5 SYSTEMPATH\CodeIgniter.php(366): CodeIgniter\CodeIgniter->handleRequest(null, Object(Config\Cache), false)
 6 FCPATH\index.php(67): CodeIgniter\CodeIgniter->run()
CRITICAL - 2023-08-07 06:14:26 --> session_destroy(): Trying to destroy uninitialized session
in APPPATH\Controllers\AuthController.php on line 50.
 1 [internal function]: CodeIgniter\Debug\Exceptions->errorHandler(2, 'session_destroy(): Trying to destroy uninitialized session', 'C:\\xampp\\htdocs\\codeig\\app\\Controllers\\AuthController.php', 50)
 2 APPPATH\Controllers\AuthController.php(50): session_destroy()
 3 SYSTEMPATH\CodeIgniter.php(932): App\Controllers\AuthController->logout()
 4 SYSTEMPATH\CodeIgniter.php(497): CodeIgniter\CodeIgniter->runController(Object(App\Controllers\AuthController))
 5 SYSTEMPATH\CodeIgniter.php(366): CodeIgniter\CodeIgniter->handleRequest(null, Object(Config\Cache), false)
 6 FCPATH\index.php(67): CodeIgniter\CodeIgniter->run()
CRITICAL - 2023-08-07 06:14:28 --> session_destroy(): Trying to destroy uninitialized session
in APPPATH\Controllers\AuthController.php on line 50.
 1 [internal function]: CodeIgniter\Debug\Exceptions->errorHandler(2, 'session_destroy(): Trying to destroy uninitialized session', 'C:\\xampp\\htdocs\\codeig\\app\\Controllers\\AuthController.php', 50)
 2 APPPATH\Controllers\AuthController.php(50): session_destroy()
 3 SYSTEMPATH\CodeIgniter.php(932): App\Controllers\AuthController->logout()
 4 SYSTEMPATH\CodeIgniter.php(497): CodeIgniter\CodeIgniter->runController(Object(App\Controllers\AuthController))
 5 SYSTEMPATH\CodeIgniter.php(366): CodeIgniter\CodeIgniter->handleRequest(null, Object(Config\Cache), false)
 6 FCPATH\index.php(67): CodeIgniter\CodeIgniter->run()
CRITICAL - 2023-08-07 09:58:02 --> Undefined variable $classes
in APPPATH\Views\stdnav.php on line 81.
 1 APPPATH\Views\stdnav.php(81): CodeIgniter\Debug\Exceptions->errorHandler(2, 'Undefined variable $classes', 'C:\\xampp\\htdocs\\codeig\\app\\Views\\stdnav.php', 81)
 2 SYSTEMPATH\View\View.php(224): include('C:\\xampp\\htdocs\\codeig\\app\\Views\\stdnav.php')
 3 SYSTEMPATH\View\View.php(227): CodeIgniter\View\View->CodeIgniter\View\{closure}()
 4 SYSTEMPATH\Common.php(1180): CodeIgniter\View\View->render('stdnav', [], true)
 5 APPPATH\Controllers\Stdnavcontroller.php(13): view('stdnav')
 6 SYSTEMPATH\CodeIgniter.php(932): App\Controllers\Stdnavcontroller->index()
 7 SYSTEMPATH\CodeIgniter.php(497): CodeIgniter\CodeIgniter->runController(Object(App\Controllers\Stdnavcontroller))
 8 SYSTEMPATH\CodeIgniter.php(366): CodeIgniter\CodeIgniter->handleRequest(null, Object(Config\Cache), false)
 9 FCPATH\index.php(67): CodeIgniter\CodeIgniter->run()
