CRITICAL - 2023-08-13 10:13:59 --> Invalid file: "stdnavbar.php"
in SYSTEMPATH\Exceptions\FrameworkException.php on line 33.
 1 SYSTEMPATH\View\View.php(212): CodeIgniter\Exceptions\FrameworkException::forInvalidFile('stdnavbar.php')
 2 SYSTEMPATH\Common.php(1180): CodeIgniter\View\View->render('stdnavbar', [], true)
 3 APPPATH\Controllers\Stdnavcontroller.php(57): view('stdnavbar', [...])
 4 SYSTEMPATH\CodeIgniter.php(932): App\Controllers\Stdnavcontroller->index()
 5 SYSTEMPATH\CodeIgniter.php(497): CodeIgniter\CodeIgniter->runController(Object(App\Controllers\Stdnavcontroller))
 6 SYSTEMPATH\CodeIgniter.php(366): CodeIgniter\CodeIgniter->handleRequest(null, Object(Config\Cache), false)
 7 FCPATH\index.php(67): CodeIgniter\CodeIgniter->run()
CRITICAL - 2023-08-13 10:19:13 --> Invalid file: "stdnavbar.php"
in SYSTEMPATH\Exceptions\FrameworkException.php on line 33.
 1 SYSTEMPATH\View\View.php(212): CodeIgniter\Exceptions\FrameworkException::forInvalidFile('stdnavbar.php')
 2 SYSTEMPATH\Common.php(1180): CodeIgniter\View\View->render('stdnavbar', [], true)
 3 APPPATH\Controllers\Stdnavcontroller.php(57): view('stdnavbar', [...])
 4 SYSTEMPATH\CodeIgniter.php(932): App\Controllers\Stdnavcontroller->index()
 5 SYSTEMPATH\CodeIgniter.php(497): CodeIgniter\CodeIgniter->runController(Object(App\Controllers\Stdnavcontroller))
 6 SYSTEMPATH\CodeIgniter.php(366): CodeIgniter\CodeIgniter->handleRequest(null, Object(Config\Cache), false)
 7 FCPATH\index.php(67): CodeIgniter\CodeIgniter->run()
CRITICAL - 2023-08-13 10:19:36 --> Invalid file: "stdnavbar.php"
in SYSTEMPATH\Exceptions\FrameworkException.php on line 33.
 1 SYSTEMPATH\View\View.php(212): CodeIgniter\Exceptions\FrameworkException::forInvalidFile('stdnavbar.php')
 2 SYSTEMPATH\Common.php(1180): CodeIgniter\View\View->render('stdnavbar', [], true)
 3 APPPATH\Controllers\Stdnavcontroller.php(57): view('stdnavbar', [...])
 4 SYSTEMPATH\CodeIgniter.php(932): App\Controllers\Stdnavcontroller->index()
 5 SYSTEMPATH\CodeIgniter.php(497): CodeIgniter\CodeIgniter->runController(Object(App\Controllers\Stdnavcontroller))
 6 SYSTEMPATH\CodeIgniter.php(366): CodeIgniter\CodeIgniter->handleRequest(null, Object(Config\Cache), false)
 7 FCPATH\index.php(67): CodeIgniter\CodeIgniter->run()
