CRITICAL - 2023-08-08 09:07:42 --> Class "App\Controllers\Model" not found
in APPPATH\Controllers\Stdnavcontroller.php on line 20.
 1 SYSTEMPATH\Router\AutoRouter.php(147): include_once()
 2 SYSTEMPATH\Router\Router.php(507): CodeIgniter\Router\AutoRouter->getRoute('Stdnavcontroller/index', 'get')
 3 SYSTEMPATH\Router\Router.php(206): CodeIgniter\Router\Router->autoRoute('Stdnavcontroller/index')
 4 SYSTEMPATH\CodeIgniter.php(813): CodeIgniter\Router\Router->handle('Stdnavcontroller/index')
 5 SYSTEMPATH\CodeIgniter.php(447): CodeIgniter\CodeIgniter->tryToRouteIt(Object(CodeIgniter\Router\RouteCollection))
 6 SYSTEMPATH\CodeIgniter.php(366): CodeIgniter\CodeIgniter->handleRequest(null, Object(Config\Cache), false)
 7 FCPATH\index.php(67): CodeIgniter\CodeIgniter->run()
CRITICAL - 2023-08-08 09:29:42 --> Class "App\Controllers\QueryBuilder" not found
in APPPATH\Controllers\Stdnavcontroller.php on line 22.
 1 SYSTEMPATH\CodeIgniter.php(932): App\Controllers\Stdnavcontroller->getCheckedStudents()
 2 SYSTEMPATH\CodeIgniter.php(497): CodeIgniter\CodeIgniter->runController(Object(App\Controllers\Stdnavcontroller))
 3 SYSTEMPATH\CodeIgniter.php(366): CodeIgniter\CodeIgniter->handleRequest(null, Object(Config\Cache), false)
 4 FCPATH\index.php(67): CodeIgniter\CodeIgniter->run()
CRITICAL - 2023-08-08 09:34:19 --> Invalid file: "attendance_view.php"
in SYSTEMPATH\Exceptions\FrameworkException.php on line 33.
 1 SYSTEMPATH\View\View.php(212): CodeIgniter\Exceptions\FrameworkException::forInvalidFile('attendance_view.php')
 2 SYSTEMPATH\Common.php(1180): CodeIgniter\View\View->render('attendance_view', [], true)
 3 APPPATH\Controllers\Stdnavcontroller.php(40): view('attendance_view', [...])
 4 SYSTEMPATH\CodeIgniter.php(932): App\Controllers\Stdnavcontroller->index2()
 5 SYSTEMPATH\CodeIgniter.php(497): CodeIgniter\CodeIgniter->runController(Object(App\Controllers\Stdnavcontroller))
 6 SYSTEMPATH\CodeIgniter.php(366): CodeIgniter\CodeIgniter->handleRequest(null, Object(Config\Cache), false)
 7 FCPATH\index.php(67): CodeIgniter\CodeIgniter->run()
ERROR - 2023-08-08 09:36:46 --> mysqli_sql_exception: Unknown column 'name' in 'field list' in C:\xampp\htdocs\codeig\system\Database\MySQLi\Connection.php:295
Stack trace:
#0 C:\xampp\htdocs\codeig\system\Database\MySQLi\Connection.php(295): mysqli->query('SELECT `roll_nu...', 0)
#1 C:\xampp\htdocs\codeig\system\Database\BaseConnection.php(692): CodeIgniter\Database\MySQLi\Connection->execute('SELECT `roll_nu...')
#2 C:\xampp\htdocs\codeig\system\Database\BaseConnection.php(606): CodeIgniter\Database\BaseConnection->simpleQuery('SELECT `roll_nu...')
#3 C:\xampp\htdocs\codeig\system\Database\BaseBuilder.php(1616): CodeIgniter\Database\BaseConnection->query('SELECT `roll_nu...', Array, false)
#4 C:\xampp\htdocs\codeig\app\Controllers\Stdnavcontroller.php(31): CodeIgniter\Database\BaseBuilder->get()
#5 C:\xampp\htdocs\codeig\system\CodeIgniter.php(932): App\Controllers\Stdnavcontroller->index2()
#6 C:\xampp\htdocs\codeig\system\CodeIgniter.php(497): CodeIgniter\CodeIgniter->runController(Object(App\Controllers\Stdnavcontroller))
#7 C:\xampp\htdocs\codeig\system\CodeIgniter.php(366): CodeIgniter\CodeIgniter->handleRequest(NULL, Object(Config\Cache), false)
#8 C:\xampp\htdocs\codeig\index.php(67): CodeIgniter\CodeIgniter->run()
#9 {main}
CRITICAL - 2023-08-08 09:36:46 --> Unknown column 'name' in 'field list'
in SYSTEMPATH\Database\MySQLi\Connection.php on line 295.
 1 SYSTEMPATH\Database\MySQLi\Connection.php(295): mysqli->query('SELECT `roll_number`, `name`
FROM `Attendance`', 0)
 2 SYSTEMPATH\Database\BaseConnection.php(692): CodeIgniter\Database\MySQLi\Connection->execute('SELECT `roll_number`, `name`
FROM `Attendance`')
 3 SYSTEMPATH\Database\BaseConnection.php(606): CodeIgniter\Database\BaseConnection->simpleQuery('SELECT `roll_number`, `name`
FROM `Attendance`')
 4 SYSTEMPATH\Database\BaseBuilder.php(1616): CodeIgniter\Database\BaseConnection->query('SELECT `roll_number`, `name`
FROM `Attendance`', [], false)
 5 APPPATH\Controllers\Stdnavcontroller.php(31): CodeIgniter\Database\BaseBuilder->get()
 6 SYSTEMPATH\CodeIgniter.php(932): App\Controllers\Stdnavcontroller->index2()
 7 SYSTEMPATH\CodeIgniter.php(497): CodeIgniter\CodeIgniter->runController(Object(App\Controllers\Stdnavcontroller))
 8 SYSTEMPATH\CodeIgniter.php(366): CodeIgniter\CodeIgniter->handleRequest(null, Object(Config\Cache), false)
 9 FCPATH\index.php(67): CodeIgniter\CodeIgniter->run()
CRITICAL - 2023-08-08 09:37:27 --> Undefined array key "name"
in APPPATH\Views\absent.php on line 16.
 1 APPPATH\Views\absent.php(16): CodeIgniter\Debug\Exceptions->errorHandler(2, 'Undefined array key "name"', 'C:\\xampp\\htdocs\\codeig\\app\\Views\\absent.php', 16)
 2 SYSTEMPATH\View\View.php(224): include('C:\\xampp\\htdocs\\codeig\\app\\Views\\absent.php')
 3 SYSTEMPATH\View\View.php(227): CodeIgniter\View\View->CodeIgniter\View\{closure}()
 4 SYSTEMPATH\Common.php(1180): CodeIgniter\View\View->render('absent', [], true)
 5 APPPATH\Controllers\Stdnavcontroller.php(40): view('absent', [...])
 6 SYSTEMPATH\CodeIgniter.php(932): App\Controllers\Stdnavcontroller->index2()
 7 SYSTEMPATH\CodeIgniter.php(497): CodeIgniter\CodeIgniter->runController(Object(App\Controllers\Stdnavcontroller))
 8 SYSTEMPATH\CodeIgniter.php(366): CodeIgniter\CodeIgniter->handleRequest(null, Object(Config\Cache), false)
 9 FCPATH\index.php(67): CodeIgniter\CodeIgniter->run()
